2018-09-12 15:43:54,914 ERROR 6364 [-/::1/-/15ms GET /] nodejs.Error: Please set config.keys first
    at Application.get keys [as keys] (E:\2018New\FrontTraining\LearnSomethingNew\Node\eggProject\egg-tiny\node_modules\egg\lib\application.js:321:15)
    at Object.get cookies [as cookies] (E:\2018New\FrontTraining\LearnSomethingNew\Node\eggProject\egg-tiny\node_modules\egg\app\extend\context.js:22:66)
    at Object.get [egg-security#CSRF_SECRET] (E:\2018New\FrontTraining\LearnSomethingNew\Node\eggProject\egg-tiny\node_modules\egg-security\app\extend\context.js:86:33)
    at Object.ensureCsrfSecret (E:\2018New\FrontTraining\LearnSomethingNew\Node\eggProject\egg-tiny\node_modules\egg-security\app\extend\context.js:97:13)
    at csrf (E:\2018New\FrontTraining\LearnSomethingNew\Node\eggProject\egg-tiny\node_modules\egg-security\lib\middlewares\csrf.js:14:9)
    at dispatch (E:\2018New\FrontTraining\LearnSomethingNew\Node\eggProject\egg-tiny\node_modules\koa-compose\index.js:42:32)
    at E:\2018New\FrontTraining\LearnSomethingNew\Node\eggProject\egg-tiny\node_modules\koa-compose\index.js:34:12
    at dispatch (E:\2018New\FrontTraining\LearnSomethingNew\Node\eggProject\egg-tiny\node_modules\koa-compose\index.js:42:32)
    at session (E:\2018New\FrontTraining\LearnSomethingNew\Node\eggProject\egg-tiny\node_modules\koa-session\index.js:41:13)
    at dispatch (E:\2018New\FrontTraining\LearnSomethingNew\Node\eggProject\egg-tiny\node_modules\koa-compose\index.js:42:32)

pid: 6364
hostname: pcecarx07220

2018-09-12 15:43:54,948 ERROR 6364 [-/::1/-/2ms GET /robots.txt] nodejs.Error: Please set config.keys first
    at Application.get keys [as keys] (E:\2018New\FrontTraining\LearnSomethingNew\Node\eggProject\egg-tiny\node_modules\egg\lib\application.js:321:15)
    at Object.get cookies [as cookies] (E:\2018New\FrontTraining\LearnSomethingNew\Node\eggProject\egg-tiny\node_modules\egg\app\extend\context.js:22:66)
    at Object.get [egg-security#CSRF_SECRET] (E:\2018New\FrontTraining\LearnSomethingNew\Node\eggProject\egg-tiny\node_modules\egg-security\app\extend\context.js:86:33)
    at Object.ensureCsrfSecret (E:\2018New\FrontTraining\LearnSomethingNew\Node\eggProject\egg-tiny\node_modules\egg-security\app\extend\context.js:97:13)
    at csrf (E:\2018New\FrontTraining\LearnSomethingNew\Node\eggProject\egg-tiny\node_modules\egg-security\lib\middlewares\csrf.js:14:9)
    at dispatch (E:\2018New\FrontTraining\LearnSomethingNew\Node\eggProject\egg-tiny\node_modules\koa-compose\index.js:42:32)
    at E:\2018New\FrontTraining\LearnSomethingNew\Node\eggProject\egg-tiny\node_modules\koa-compose\index.js:34:12
    at dispatch (E:\2018New\FrontTraining\LearnSomethingNew\Node\eggProject\egg-tiny\node_modules\koa-compose\index.js:42:32)
    at session (E:\2018New\FrontTraining\LearnSomethingNew\Node\eggProject\egg-tiny\node_modules\koa-session\index.js:41:13)
    at dispatch (E:\2018New\FrontTraining\LearnSomethingNew\Node\eggProject\egg-tiny\node_modules\koa-compose\index.js:42:32)

pid: 6364
hostname: pcecarx07220

2018-09-12 15:51:37,286 ERROR 6508 [-/::1/-/6ms GET /] nodejs.Error: Please set config.keys first
    at Application.get keys [as keys] (E:\2018New\FrontTraining\LearnSomethingNew\Node\eggProject\egg-tiny\node_modules\egg\lib\application.js:321:15)
    at Object.get cookies [as cookies] (E:\2018New\FrontTraining\LearnSomethingNew\Node\eggProject\egg-tiny\node_modules\egg\app\extend\context.js:22:66)
    at Object.get [egg-security#CSRF_SECRET] (E:\2018New\FrontTraining\LearnSomethingNew\Node\eggProject\egg-tiny\node_modules\egg-security\app\extend\context.js:86:33)
    at Object.ensureCsrfSecret (E:\2018New\FrontTraining\LearnSomethingNew\Node\eggProject\egg-tiny\node_modules\egg-security\app\extend\context.js:97:13)
    at csrf (E:\2018New\FrontTraining\LearnSomethingNew\Node\eggProject\egg-tiny\node_modules\egg-security\lib\middlewares\csrf.js:14:9)
    at dispatch (E:\2018New\FrontTraining\LearnSomethingNew\Node\eggProject\egg-tiny\node_modules\koa-compose\index.js:42:32)
    at E:\2018New\FrontTraining\LearnSomethingNew\Node\eggProject\egg-tiny\node_modules\koa-compose\index.js:34:12
    at dispatch (E:\2018New\FrontTraining\LearnSomethingNew\Node\eggProject\egg-tiny\node_modules\koa-compose\index.js:42:32)
    at session (E:\2018New\FrontTraining\LearnSomethingNew\Node\eggProject\egg-tiny\node_modules\koa-session\index.js:41:13)
    at dispatch (E:\2018New\FrontTraining\LearnSomethingNew\Node\eggProject\egg-tiny\node_modules\koa-compose\index.js:42:32)

pid: 6508
hostname: pcecarx07220

2018-09-12 15:51:40,171 ERROR 6508 [-/::1/-/3ms GET /] nodejs.Error: Please set config.keys first
    at Application.get keys [as keys] (E:\2018New\FrontTraining\LearnSomethingNew\Node\eggProject\egg-tiny\node_modules\egg\lib\application.js:321:15)
    at Object.get cookies [as cookies] (E:\2018New\FrontTraining\LearnSomethingNew\Node\eggProject\egg-tiny\node_modules\egg\app\extend\context.js:22:66)
    at Object.get [egg-security#CSRF_SECRET] (E:\2018New\FrontTraining\LearnSomethingNew\Node\eggProject\egg-tiny\node_modules\egg-security\app\extend\context.js:86:33)
    at Object.ensureCsrfSecret (E:\2018New\FrontTraining\LearnSomethingNew\Node\eggProject\egg-tiny\node_modules\egg-security\app\extend\context.js:97:13)
    at csrf (E:\2018New\FrontTraining\LearnSomethingNew\Node\eggProject\egg-tiny\node_modules\egg-security\lib\middlewares\csrf.js:14:9)
    at dispatch (E:\2018New\FrontTraining\LearnSomethingNew\Node\eggProject\egg-tiny\node_modules\koa-compose\index.js:42:32)
    at E:\2018New\FrontTraining\LearnSomethingNew\Node\eggProject\egg-tiny\node_modules\koa-compose\index.js:34:12
    at dispatch (E:\2018New\FrontTraining\LearnSomethingNew\Node\eggProject\egg-tiny\node_modules\koa-compose\index.js:42:32)
    at session (E:\2018New\FrontTraining\LearnSomethingNew\Node\eggProject\egg-tiny\node_modules\koa-session\index.js:41:13)
    at dispatch (E:\2018New\FrontTraining\LearnSomethingNew\Node\eggProject\egg-tiny\node_modules\koa-compose\index.js:42:32)

pid: 6508
hostname: pcecarx07220

2018-09-12 15:55:01,068 ERROR 14552 [-/::1/-/12ms GET /] nodejs.Error: Please set config.keys first
    at Application.get keys [as keys] (E:\2018New\FrontTraining\LearnSomethingNew\Node\eggProject\egg-tiny\node_modules\egg\lib\application.js:321:15)
    at Object.get cookies [as cookies] (E:\2018New\FrontTraining\LearnSomethingNew\Node\eggProject\egg-tiny\node_modules\egg\app\extend\context.js:22:66)
    at Object.get [egg-security#CSRF_SECRET] (E:\2018New\FrontTraining\LearnSomethingNew\Node\eggProject\egg-tiny\node_modules\egg-security\app\extend\context.js:86:33)
    at Object.ensureCsrfSecret (E:\2018New\FrontTraining\LearnSomethingNew\Node\eggProject\egg-tiny\node_modules\egg-security\app\extend\context.js:97:13)
    at csrf (E:\2018New\FrontTraining\LearnSomethingNew\Node\eggProject\egg-tiny\node_modules\egg-security\lib\middlewares\csrf.js:14:9)
    at dispatch (E:\2018New\FrontTraining\LearnSomethingNew\Node\eggProject\egg-tiny\node_modules\koa-compose\index.js:42:32)
    at E:\2018New\FrontTraining\LearnSomethingNew\Node\eggProject\egg-tiny\node_modules\koa-compose\index.js:34:12
    at dispatch (E:\2018New\FrontTraining\LearnSomethingNew\Node\eggProject\egg-tiny\node_modules\koa-compose\index.js:42:32)
    at session (E:\2018New\FrontTraining\LearnSomethingNew\Node\eggProject\egg-tiny\node_modules\koa-session\index.js:41:13)
    at dispatch (E:\2018New\FrontTraining\LearnSomethingNew\Node\eggProject\egg-tiny\node_modules\koa-compose\index.js:42:32)

pid: 14552
hostname: pcecarx07220

2018-09-12 15:55:01,114 ERROR 14552 [-/::1/-/2ms GET /robots.txt] nodejs.Error: Please set config.keys first
    at Application.get keys [as keys] (E:\2018New\FrontTraining\LearnSomethingNew\Node\eggProject\egg-tiny\node_modules\egg\lib\application.js:321:15)
    at Object.get cookies [as cookies] (E:\2018New\FrontTraining\LearnSomethingNew\Node\eggProject\egg-tiny\node_modules\egg\app\extend\context.js:22:66)
    at Object.get [egg-security#CSRF_SECRET] (E:\2018New\FrontTraining\LearnSomethingNew\Node\eggProject\egg-tiny\node_modules\egg-security\app\extend\context.js:86:33)
    at Object.ensureCsrfSecret (E:\2018New\FrontTraining\LearnSomethingNew\Node\eggProject\egg-tiny\node_modules\egg-security\app\extend\context.js:97:13)
    at csrf (E:\2018New\FrontTraining\LearnSomethingNew\Node\eggProject\egg-tiny\node_modules\egg-security\lib\middlewares\csrf.js:14:9)
    at dispatch (E:\2018New\FrontTraining\LearnSomethingNew\Node\eggProject\egg-tiny\node_modules\koa-compose\index.js:42:32)
    at E:\2018New\FrontTraining\LearnSomethingNew\Node\eggProject\egg-tiny\node_modules\koa-compose\index.js:34:12
    at dispatch (E:\2018New\FrontTraining\LearnSomethingNew\Node\eggProject\egg-tiny\node_modules\koa-compose\index.js:42:32)
    at session (E:\2018New\FrontTraining\LearnSomethingNew\Node\eggProject\egg-tiny\node_modules\koa-session\index.js:41:13)
    at dispatch (E:\2018New\FrontTraining\LearnSomethingNew\Node\eggProject\egg-tiny\node_modules\koa-compose\index.js:42:32)

pid: 14552
hostname: pcecarx07220

2018-09-12 15:55:02,556 ERROR 14552 [-/::1/-/3ms GET /] nodejs.Error: Please set config.keys first
    at Application.get keys [as keys] (E:\2018New\FrontTraining\LearnSomethingNew\Node\eggProject\egg-tiny\node_modules\egg\lib\application.js:321:15)
    at Object.get cookies [as cookies] (E:\2018New\FrontTraining\LearnSomethingNew\Node\eggProject\egg-tiny\node_modules\egg\app\extend\context.js:22:66)
    at Object.get [egg-security#CSRF_SECRET] (E:\2018New\FrontTraining\LearnSomethingNew\Node\eggProject\egg-tiny\node_modules\egg-security\app\extend\context.js:86:33)
    at Object.ensureCsrfSecret (E:\2018New\FrontTraining\LearnSomethingNew\Node\eggProject\egg-tiny\node_modules\egg-security\app\extend\context.js:97:13)
    at csrf (E:\2018New\FrontTraining\LearnSomethingNew\Node\eggProject\egg-tiny\node_modules\egg-security\lib\middlewares\csrf.js:14:9)
    at dispatch (E:\2018New\FrontTraining\LearnSomethingNew\Node\eggProject\egg-tiny\node_modules\koa-compose\index.js:42:32)
    at E:\2018New\FrontTraining\LearnSomethingNew\Node\eggProject\egg-tiny\node_modules\koa-compose\index.js:34:12
    at dispatch (E:\2018New\FrontTraining\LearnSomethingNew\Node\eggProject\egg-tiny\node_modules\koa-compose\index.js:42:32)
    at session (E:\2018New\FrontTraining\LearnSomethingNew\Node\eggProject\egg-tiny\node_modules\koa-session\index.js:41:13)
    at dispatch (E:\2018New\FrontTraining\LearnSomethingNew\Node\eggProject\egg-tiny\node_modules\koa-compose\index.js:42:32)

pid: 14552
hostname: pcecarx07220

2018-09-12 15:55:03,125 ERROR 14552 [-/::1/-/6ms GET /] nodejs.Error: Please set config.keys first
    at Application.get keys [as keys] (E:\2018New\FrontTraining\LearnSomethingNew\Node\eggProject\egg-tiny\node_modules\egg\lib\application.js:321:15)
    at Object.get cookies [as cookies] (E:\2018New\FrontTraining\LearnSomethingNew\Node\eggProject\egg-tiny\node_modules\egg\app\extend\context.js:22:66)
    at Object.get [egg-security#CSRF_SECRET] (E:\2018New\FrontTraining\LearnSomethingNew\Node\eggProject\egg-tiny\node_modules\egg-security\app\extend\context.js:86:33)
    at Object.ensureCsrfSecret (E:\2018New\FrontTraining\LearnSomethingNew\Node\eggProject\egg-tiny\node_modules\egg-security\app\extend\context.js:97:13)
    at csrf (E:\2018New\FrontTraining\LearnSomethingNew\Node\eggProject\egg-tiny\node_modules\egg-security\lib\middlewares\csrf.js:14:9)
    at dispatch (E:\2018New\FrontTraining\LearnSomethingNew\Node\eggProject\egg-tiny\node_modules\koa-compose\index.js:42:32)
    at E:\2018New\FrontTraining\LearnSomethingNew\Node\eggProject\egg-tiny\node_modules\koa-compose\index.js:34:12
    at dispatch (E:\2018New\FrontTraining\LearnSomethingNew\Node\eggProject\egg-tiny\node_modules\koa-compose\index.js:42:32)
    at session (E:\2018New\FrontTraining\LearnSomethingNew\Node\eggProject\egg-tiny\node_modules\koa-session\index.js:41:13)
    at dispatch (E:\2018New\FrontTraining\LearnSomethingNew\Node\eggProject\egg-tiny\node_modules\koa-compose\index.js:42:32)

pid: 14552
hostname: pcecarx07220

2018-09-12 15:55:03,610 ERROR 14552 [-/::1/-/5ms GET /] nodejs.Error: Please set config.keys first
    at Application.get keys [as keys] (E:\2018New\FrontTraining\LearnSomethingNew\Node\eggProject\egg-tiny\node_modules\egg\lib\application.js:321:15)
    at Object.get cookies [as cookies] (E:\2018New\FrontTraining\LearnSomethingNew\Node\eggProject\egg-tiny\node_modules\egg\app\extend\context.js:22:66)
    at Object.get [egg-security#CSRF_SECRET] (E:\2018New\FrontTraining\LearnSomethingNew\Node\eggProject\egg-tiny\node_modules\egg-security\app\extend\context.js:86:33)
    at Object.ensureCsrfSecret (E:\2018New\FrontTraining\LearnSomethingNew\Node\eggProject\egg-tiny\node_modules\egg-security\app\extend\context.js:97:13)
    at csrf (E:\2018New\FrontTraining\LearnSomethingNew\Node\eggProject\egg-tiny\node_modules\egg-security\lib\middlewares\csrf.js:14:9)
    at dispatch (E:\2018New\FrontTraining\LearnSomethingNew\Node\eggProject\egg-tiny\node_modules\koa-compose\index.js:42:32)
    at E:\2018New\FrontTraining\LearnSomethingNew\Node\eggProject\egg-tiny\node_modules\koa-compose\index.js:34:12
    at dispatch (E:\2018New\FrontTraining\LearnSomethingNew\Node\eggProject\egg-tiny\node_modules\koa-compose\index.js:42:32)
    at session (E:\2018New\FrontTraining\LearnSomethingNew\Node\eggProject\egg-tiny\node_modules\koa-session\index.js:41:13)
    at dispatch (E:\2018New\FrontTraining\LearnSomethingNew\Node\eggProject\egg-tiny\node_modules\koa-compose\index.js:42:32)

pid: 14552
hostname: pcecarx07220

2018-09-12 15:57:29,371 ERROR 3264 [-/::1/-/9ms GET /] nodejs.Error: Please set config.keys first
    at Application.get keys [as keys] (E:\2018New\FrontTraining\LearnSomethingNew\Node\eggProject\egg-tiny\node_modules\egg\lib\application.js:321:15)
    at Object.get cookies [as cookies] (E:\2018New\FrontTraining\LearnSomethingNew\Node\eggProject\egg-tiny\node_modules\egg\app\extend\context.js:22:66)
    at Object.get [egg-security#CSRF_SECRET] (E:\2018New\FrontTraining\LearnSomethingNew\Node\eggProject\egg-tiny\node_modules\egg-security\app\extend\context.js:86:33)
    at Object.ensureCsrfSecret (E:\2018New\FrontTraining\LearnSomethingNew\Node\eggProject\egg-tiny\node_modules\egg-security\app\extend\context.js:97:13)
    at csrf (E:\2018New\FrontTraining\LearnSomethingNew\Node\eggProject\egg-tiny\node_modules\egg-security\lib\middlewares\csrf.js:14:9)
    at dispatch (E:\2018New\FrontTraining\LearnSomethingNew\Node\eggProject\egg-tiny\node_modules\koa-compose\index.js:42:32)
    at E:\2018New\FrontTraining\LearnSomethingNew\Node\eggProject\egg-tiny\node_modules\koa-compose\index.js:34:12
    at dispatch (E:\2018New\FrontTraining\LearnSomethingNew\Node\eggProject\egg-tiny\node_modules\koa-compose\index.js:42:32)
    at session (E:\2018New\FrontTraining\LearnSomethingNew\Node\eggProject\egg-tiny\node_modules\koa-session\index.js:41:13)
    at dispatch (E:\2018New\FrontTraining\LearnSomethingNew\Node\eggProject\egg-tiny\node_modules\koa-compose\index.js:42:32)

pid: 3264
hostname: pcecarx07220

2018-09-12 18:51:07,450 ERROR 11792 [-/::1/-/5050ms GET /news] nodejs.ConnectionTimeoutError: Connect timeout for 5000ms, GET https://hacker-news.firebaseio.com/v0/topstories.json -2 (connected: false, keepalive socket: false, agent status: {"createSocketCount":1,"createSocketErrorCount":0,"closeSocketCount":1,"errorSocketCount":0,"timeoutSocketCount":0,"requestCount":0,"freeSockets":{},"sockets":{},"requests":{}}, socketHandledRequests: 1, socketHandledResponses: 0)
headers: {}
headers: {}
    at Timeout._onTimeout (E:\2018New\FrontTraining\LearnSomethingNew\Node\eggProject\egg-tiny\node_modules\urllib\lib\urllib.js:818:15)
    at ontimeout (timers.js:475:11)
    at tryOnTimeout (timers.js:310:5)
    at Timer.listOnTimeout (timers.js:270:5)
name: "ConnectionTimeoutError"
requestId: 1
data: undefined
path: "/v0/topstories.json?orderBy=%22%24key%22&startAt=%220%22&endAt=%224%22"
status: -2
headers: {}
res: {"status":-2,"statusCode":-2,"headers":{},"size":0,"aborted":false,"rt":5028,"keepAliveSocket":false,"requestUrls":["https://hacker-news.firebaseio.com/v0/topstories.json"],"timing":null,"remoteAddress":"35.201.97.85","remotePort":"","socketHandledRequests":1,"socketHandledResponses":0}
pid: 11792
hostname: pcecarx07220

